<?xml version="1.0" encoding="UTF-8"?>
<!-- Generated by org.testng.reporters.JUnitXMLReporter -->
<testsuite hostname="LAPTOP-R4J2S6L4" failures="0" tests="5" name="Nopackage" time="226.987" errors="0" timestamp="10 Apr 2024 16:05:50 GMT">
  <testcase classname="com.hrms.testscripts.TC001" name="tc001" time="24.552"/>
  <testcase classname="com.hrms.testscripts.TC002" name="tc002" time="75.441"/>
  <testcase classname="com.hrms.testscripts.TC003_Deleteemp" name="tc003" time="30.719"/>
  <testcase classname="com.hrms.testscripts.TC005_Locations" name="tc005" time="54.593"/>
  <testcase classname="com.hrms.testscripts.TC006_Upload_image" name="tc006" time="41.625"/>
</testsuite> <!-- Nopackage -->
