<?xml version="1.0" encoding="UTF-8"?>
<!-- Generated by org.testng.reporters.JUnitXMLReporter -->
<testsuite hostname="LAPTOP-R4J2S6L4" failures="0" tests="5" name="com.hrms.testscripts" time="221.336" errors="0" timestamp="10 Apr 2024 07:45:29 GMT">
  <testcase classname="com.hrms.testscripts.TC001" name="tc001" time="69.319"/>
  <testcase classname="com.hrms.testscripts.TC002" name="tc002" time="29.447"/>
  <testcase classname="com.hrms.testscripts.TC003_Deleteemp" name="tc003" time="20.005"/>
  <testcase classname="com.hrms.testscripts.TC005_Locations" name="tc005" time="46.409"/>
  <testcase classname="com.hrms.testscripts.TC006_Upload_image" name="tc006" time="56.115"/>
</testsuite> <!-- com.hrms.testscripts -->
