<?xml version="1.0" encoding="UTF-8"?>
<testng-results total="5" passed="5" failed="0" skipped="0">
  <reporter-output>
    <line>
      <![CDATA[Application Opened]]>
    </line>
    <line>
      <![CDATA[Login Completed]]>
    </line>
    <line>
      <![CDATA[Logout Successful]]>
    </line>
    <line>
      <![CDATA[Application Closed]]>
    </line>
    <line>
      <![CDATA[Application Opened]]>
    </line>
    <line>
      <![CDATA[Login Completed]]>
    </line>
    <line>
      <![CDATA[Employee added]]>
    </line>
    <line>
      <![CDATA[Logout Successful]]>
    </line>
    <line>
      <![CDATA[Application Closed]]>
    </line>
    <line>
      <![CDATA[Application Opened]]>
    </line>
    <line>
      <![CDATA[Login Completed]]>
    </line>
    <line>
      <![CDATA[Employee Details Deleted]]>
    </line>
    <line>
      <![CDATA[Logout Successful]]>
    </line>
    <line>
      <![CDATA[Application Closed]]>
    </line>
    <line>
      <![CDATA[Application Opened]]>
    </line>
    <line>
      <![CDATA[Login Completed]]>
    </line>
    <line>
      <![CDATA[First Mouseover Done]]>
    </line>
    <line>
      <![CDATA[Second Mouseover Done]]>
    </line>
    <line>
      <![CDATA[Clicked on Location Btn]]>
    </line>
    <line>
      <![CDATA[Location Saved]]>
    </line>
    <line>
      <![CDATA[Logout Successful]]>
    </line>
    <line>
      <![CDATA[Application Closed]]>
    </line>
    <line>
      <![CDATA[Application Opened]]>
    </line>
    <line>
      <![CDATA[Login Completed]]>
    </line>
    <line>
      <![CDATA[Image Uploaded]]>
    </line>
    <line>
      <![CDATA[Logout Successful]]>
    </line>
    <line>
      <![CDATA[Application Closed]]>
    </line>
  </reporter-output>
  <suite started-at="2024-04-10T16:02:03Z" name="Suite1" finished-at="2024-04-10T16:05:50Z" duration-ms="226987">
    <groups>
    </groups>
    <test started-at="2024-04-10T16:02:03Z" name="Nopackage" finished-at="2024-04-10T16:05:50Z" duration-ms="226987">
      <class name="com.hrms.testscripts.TC001">
        <test-method signature="tc001()[pri:0, instance:com.hrms.testscripts.TC001@1d082e88]" started-at="2024-04-10T21:32:03Z" name="tc001" finished-at="2024-04-10T21:32:28Z" duration-ms="24552" status="PASS">
          <reporter-output>
            <line>
              <![CDATA[Application Opened]]>
            </line>
            <line>
              <![CDATA[Login Completed]]>
            </line>
            <line>
              <![CDATA[Logout Successful]]>
            </line>
            <line>
              <![CDATA[Application Closed]]>
            </line>
          </reporter-output>
        </test-method> <!-- tc001 -->
      </class> <!-- com.hrms.testscripts.TC001 -->
      <class name="com.hrms.testscripts.TC002">
        <test-method signature="tc002()[pri:0, instance:com.hrms.testscripts.TC002@60704c]" started-at="2024-04-10T21:32:28Z" name="tc002" finished-at="2024-04-10T21:33:43Z" duration-ms="75441" status="PASS">
          <reporter-output>
            <line>
              <![CDATA[Application Opened]]>
            </line>
            <line>
              <![CDATA[Login Completed]]>
            </line>
            <line>
              <![CDATA[Employee added]]>
            </line>
            <line>
              <![CDATA[Logout Successful]]>
            </line>
            <line>
              <![CDATA[Application Closed]]>
            </line>
          </reporter-output>
        </test-method> <!-- tc002 -->
      </class> <!-- com.hrms.testscripts.TC002 -->
      <class name="com.hrms.testscripts.TC005_Locations">
        <test-method signature="tc005()[pri:0, instance:com.hrms.testscripts.TC005_Locations@2a32de6c]" started-at="2024-04-10T21:34:14Z" name="tc005" finished-at="2024-04-10T21:35:09Z" duration-ms="54593" status="PASS">
          <reporter-output>
            <line>
              <![CDATA[Application Opened]]>
            </line>
            <line>
              <![CDATA[Login Completed]]>
            </line>
            <line>
              <![CDATA[First Mouseover Done]]>
            </line>
            <line>
              <![CDATA[Second Mouseover Done]]>
            </line>
            <line>
              <![CDATA[Clicked on Location Btn]]>
            </line>
            <line>
              <![CDATA[Location Saved]]>
            </line>
            <line>
              <![CDATA[Logout Successful]]>
            </line>
            <line>
              <![CDATA[Application Closed]]>
            </line>
          </reporter-output>
        </test-method> <!-- tc005 -->
      </class> <!-- com.hrms.testscripts.TC005_Locations -->
      <class name="com.hrms.testscripts.TC006_Upload_image">
        <test-method signature="tc006()[pri:0, instance:com.hrms.testscripts.TC006_Upload_image@6b19b79]" started-at="2024-04-10T21:35:09Z" name="tc006" finished-at="2024-04-10T21:35:50Z" duration-ms="41625" status="PASS">
          <reporter-output>
            <line>
              <![CDATA[Application Opened]]>
            </line>
            <line>
              <![CDATA[Login Completed]]>
            </line>
            <line>
              <![CDATA[Image Uploaded]]>
            </line>
            <line>
              <![CDATA[Logout Successful]]>
            </line>
            <line>
              <![CDATA[Application Closed]]>
            </line>
          </reporter-output>
        </test-method> <!-- tc006 -->
      </class> <!-- com.hrms.testscripts.TC006_Upload_image -->
      <class name="com.hrms.testscripts.TC003_Deleteemp">
        <test-method signature="tc003()[pri:0, instance:com.hrms.testscripts.TC003_Deleteemp@6a01e23]" started-at="2024-04-10T21:33:43Z" name="tc003" finished-at="2024-04-10T21:34:14Z" duration-ms="30719" status="PASS">
          <reporter-output>
            <line>
              <![CDATA[Application Opened]]>
            </line>
            <line>
              <![CDATA[Login Completed]]>
            </line>
            <line>
              <![CDATA[Employee Details Deleted]]>
            </line>
            <line>
              <![CDATA[Logout Successful]]>
            </line>
            <line>
              <![CDATA[Application Closed]]>
            </line>
          </reporter-output>
        </test-method> <!-- tc003 -->
      </class> <!-- com.hrms.testscripts.TC003_Deleteemp -->
    </test> <!-- Nopackage -->
  </suite> <!-- Suite1 -->
</testng-results>
